<?xml version="1.0" encoding="windows-1252" standalone="no"?>
<!DOCTYPE log SYSTEM "logger.dtd">
<log>
<record>
  <date>2018-11-24T13:50:35</date>
  <millis>1543085435504</millis>
  <sequence>0</sequence>
  <logger>User Id: INSEA1001</logger>
  <level>INFO</level>
  <class>client.Client</class>
  <method>main</method>
  <thread>1</thread>
  <message>2018-11-24T13:50:35.504 Operation: Add Course
</message>
</record>
<record>
  <date>2018-11-24T13:50:40</date>
  <millis>1543085440253</millis>
  <sequence>1</sequence>
  <logger>User Id: INSEA1001</logger>
  <level>INFO</level>
  <class>advisor.AdvisorOperations</class>
  <method>add_Course</method>
  <thread>1</thread>
  <message>2018-11-24T13:50:40.253Response from Server: Success</message>
</record>
<record>
  <date>2018-11-24T13:50:44</date>
  <millis>1543085444222</millis>
  <sequence>2</sequence>
  <logger>User Id: INSEA1001</logger>
  <level>INFO</level>
  <class>client.Client</class>
  <method>main</method>
  <thread>1</thread>
  <message>2018-11-24T13:50:44.222 Operation: Add Course
</message>
</record>
<record>
  <date>2018-11-24T13:50:52</date>
  <millis>1543085452402</millis>
  <sequence>3</sequence>
  <logger>User Id: INSEA1001</logger>
  <level>INFO</level>
  <class>advisor.AdvisorOperations</class>
  <method>add_Course</method>
  <thread>1</thread>
  <message>2018-11-24T13:50:52.402Response from Server: Success</message>
</record>
<record>
  <date>2018-11-24T13:50:57</date>
  <millis>1543085457028</millis>
  <sequence>4</sequence>
  <logger>User Id: INSEA1001</logger>
  <level>INFO</level>
  <class>client.Client</class>
  <method>main</method>
  <thread>1</thread>
  <message>2018-11-24T13:50:57.028 Operation: List Course Availability
</message>
</record>
<record>
  <date>2018-11-24T13:50:57</date>
  <millis>1543085457044</millis>
  <sequence>5</sequence>
  <logger>User Id: INSEA1001</logger>
  <level>INFO</level>
  <class>advisor.AdvisorOperations</class>
  <method>listCourseAvailability</method>
  <thread>1</thread>
  <message>2018-11-24T13:50:57.044Response from Server: </message>
</record>
<record>
  <date>2018-11-24T13:51:08</date>
  <millis>1543085468164</millis>
  <sequence>6</sequence>
  <logger>User Id: INSEA1001</logger>
  <level>INFO</level>
  <class>client.Client</class>
  <method>main</method>
  <thread>1</thread>
  <message>2018-11-24T13:51:08.164 Operation: Remove Course
</message>
</record>
<record>
  <date>2018-11-24T13:51:10</date>
  <millis>1543085470171</millis>
  <sequence>7</sequence>
  <logger>User Id: INSEA1001</logger>
  <level>INFO</level>
  <class>advisor.AdvisorOperations</class>
  <method>remove_Course</method>
  <thread>1</thread>
  <message>2018-11-24T13:51:10.171Response from Server: Course doesn't exist!</message>
</record>
<record>
  <date>2018-11-24T13:51:13</date>
  <millis>1543085473369</millis>
  <sequence>8</sequence>
  <logger>User Id: INSEA1001</logger>
  <level>INFO</level>
  <class>client.Client</class>
  <method>main</method>
  <thread>1</thread>
  <message>2018-11-24T13:51:13.369 Operation: Remove Course
</message>
</record>
<record>
  <date>2018-11-24T13:51:15</date>
  <millis>1543085475766</millis>
  <sequence>9</sequence>
  <logger>User Id: INSEA1001</logger>
  <level>INFO</level>
  <class>advisor.AdvisorOperations</class>
  <method>remove_Course</method>
  <thread>1</thread>
  <message>2018-11-24T13:51:15.766Response from Server: Course Removed!</message>
</record>
<record>
  <date>2018-11-24T13:51:19</date>
  <millis>1543085479676</millis>
  <sequence>10</sequence>
  <logger>User Id: INSEA1001</logger>
  <level>INFO</level>
  <class>client.Client</class>
  <method>main</method>
  <thread>1</thread>
  <message>2018-11-24T13:51:19.676 Operation: List Course Availability
</message>
</record>
<record>
  <date>2018-11-24T13:51:19</date>
  <millis>1543085479676</millis>
  <sequence>11</sequence>
  <logger>User Id: INSEA1001</logger>
  <level>INFO</level>
  <class>advisor.AdvisorOperations</class>
  <method>listCourseAvailability</method>
  <thread>1</thread>
  <message>2018-11-24T13:51:19.676Response from Server: </message>
</record>
</log>
<?xml version="1.0" encoding="windows-1252" standalone="no"?>
<!DOCTYPE log SYSTEM "logger.dtd">
<log>
</log>
<?xml version="1.0" encoding="windows-1252" standalone="no"?>
<!DOCTYPE log SYSTEM "logger.dtd">
<log>
<record>
  <date>2018-11-24T16:45:40</date>
  <millis>1543095940120</millis>
  <sequence>0</sequence>
  <logger>User Id: INSEA1001</logger>
  <level>INFO</level>
  <class>client.Client</class>
  <method>main</method>
  <thread>1</thread>
  <message>2018-11-24T16:45:40.111 Operation: Add Course
</message>
</record>
<record>
  <date>2018-11-24T16:45:44</date>
  <millis>1543095944714</millis>
  <sequence>1</sequence>
  <logger>User Id: INSEA1001</logger>
  <level>INFO</level>
  <class>advisor.AdvisorOperations</class>
  <method>add_Course</method>
  <thread>1</thread>
  <message>2018-11-24T16:45:44.714Response from Server: Success</message>
</record>
<record>
  <date>2018-11-24T16:45:52</date>
  <millis>1543095952145</millis>
  <sequence>2</sequence>
  <logger>User Id: INSEA1001</logger>
  <level>INFO</level>
  <class>client.Client</class>
  <method>main</method>
  <thread>1</thread>
  <message>2018-11-24T16:45:52.145 Operation: List Course Availability
</message>
</record>
<record>
  <date>2018-11-24T16:45:52</date>
  <millis>1543095952233</millis>
  <sequence>3</sequence>
  <logger>User Id: INSEA1001</logger>
  <level>INFO</level>
  <class>advisor.AdvisorOperations</class>
  <method>listCourseAvailability</method>
  <thread>1</thread>
  <message>2018-11-24T16:45:52.233Response from Server: </message>
</record>
</log>
<?xml version="1.0" encoding="windows-1252" standalone="no"?>
<!DOCTYPE log SYSTEM "logger.dtd">
<log>
<record>
  <date>2018-11-24T16:49:06</date>
  <millis>1543096146920</millis>
  <sequence>0</sequence>
  <logger>User Id: INSEA1001</logger>
  <level>INFO</level>
  <class>client.Client</class>
  <method>main</method>
  <thread>1</thread>
  <message>2018-11-24T16:49:06.915 Operation: List Course Availability
</message>
</record>
<record>
  <date>2018-11-24T16:49:06</date>
  <millis>1543096146945</millis>
  <sequence>1</sequence>
  <logger>User Id: INSEA1001</logger>
  <level>INFO</level>
  <class>advisor.AdvisorOperations</class>
  <method>listCourseAvailability</method>
  <thread>1</thread>
  <message>2018-11-24T16:49:06.945Response from Server: </message>
</record>
<record>
  <date>2018-11-24T16:49:13</date>
  <millis>1543096153110</millis>
  <sequence>2</sequence>
  <logger>User Id: INSEA1001</logger>
  <level>INFO</level>
  <class>client.Client</class>
  <method>main</method>
  <thread>1</thread>
  <message>2018-11-24T16:49:13.110 Operation: List Course Availability
</message>
</record>
<record>
  <date>2018-11-24T16:49:13</date>
  <millis>1543096153126</millis>
  <sequence>3</sequence>
  <logger>User Id: INSEA1001</logger>
  <level>INFO</level>
  <class>advisor.AdvisorOperations</class>
  <method>listCourseAvailability</method>
  <thread>1</thread>
  <message>2018-11-24T16:49:13.126Response from Server: </message>
</record>
<record>
  <date>2018-11-24T16:49:17</date>
  <millis>1543096157922</millis>
  <sequence>4</sequence>
  <logger>User Id: INSEA1001</logger>
  <level>INFO</level>
  <class>client.Client</class>
  <method>main</method>
  <thread>1</thread>
  <message>2018-11-24T16:49:17.922 Operation: Remove Course
</message>
</record>
<record>
  <date>2018-11-24T16:49:20</date>
  <millis>1543096160078</millis>
  <sequence>5</sequence>
  <logger>User Id: INSEA1001</logger>
  <level>INFO</level>
  <class>advisor.AdvisorOperations</class>
  <method>remove_Course</method>
  <thread>1</thread>
  <message>2018-11-24T16:49:20.078Response from Server: Course Removed!</message>
</record>
<record>
  <date>2018-11-24T16:49:22</date>
  <millis>1543096162667</millis>
  <sequence>6</sequence>
  <logger>User Id: INSEA1001</logger>
  <level>INFO</level>
  <class>client.Client</class>
  <method>main</method>
  <thread>1</thread>
  <message>2018-11-24T16:49:22.667 Operation: List Course Availability
</message>
</record>
<record>
  <date>2018-11-24T16:49:22</date>
  <millis>1543096162680</millis>
  <sequence>7</sequence>
  <logger>User Id: INSEA1001</logger>
  <level>INFO</level>
  <class>advisor.AdvisorOperations</class>
  <method>listCourseAvailability</method>
  <thread>1</thread>
  <message>2018-11-24T16:49:22.680Response from Server: </message>
</record>
</log>
<?xml version="1.0" encoding="windows-1252" standalone="no"?>
<!DOCTYPE log SYSTEM "logger.dtd">
<log>
<record>
  <date>2018-11-24T16:51:01</date>
  <millis>1543096261180</millis>
  <sequence>0</sequence>
  <logger>User Id: INSEA1001</logger>
  <level>INFO</level>
  <class>client.Client</class>
  <method>main</method>
  <thread>1</thread>
  <message>2018-11-24T16:51:01.172 Operation: Add Course
</message>
</record>
<record>
  <date>2018-11-24T16:51:14</date>
  <millis>1543096274592</millis>
  <sequence>1</sequence>
  <logger>User Id: INSEA1001</logger>
  <level>INFO</level>
  <class>client.Client</class>
  <method>main</method>
  <thread>1</thread>
  <message>2018-11-24T16:51:14.592 Operation: Add Course
</message>
</record>
<record>
  <date>2018-11-24T16:51:18</date>
  <millis>1543096278802</millis>
  <sequence>2</sequence>
  <logger>User Id: INSEA1001</logger>
  <level>INFO</level>
  <class>advisor.AdvisorOperations</class>
  <method>add_Course</method>
  <thread>1</thread>
  <message>2018-11-24T16:51:18.802Response from Server: Success</message>
</record>
<record>
  <date>2018-11-24T16:51:20</date>
  <millis>1543096280886</millis>
  <sequence>3</sequence>
  <logger>User Id: INSEA1001</logger>
  <level>INFO</level>
  <class>client.Client</class>
  <method>main</method>
  <thread>1</thread>
  <message>2018-11-24T16:51:20.886 Operation: Add Course
</message>
</record>
<record>
  <date>2018-11-24T16:51:28</date>
  <millis>1543096288387</millis>
  <sequence>4</sequence>
  <logger>User Id: INSEA1001</logger>
  <level>INFO</level>
  <class>client.Client</class>
  <method>main</method>
  <thread>1</thread>
  <message>2018-11-24T16:51:28.387 Operation: Add Course
</message>
</record>
<record>
  <date>2018-11-24T16:51:31</date>
  <millis>1543096291662</millis>
  <sequence>5</sequence>
  <logger>User Id: INSEA1001</logger>
  <level>INFO</level>
  <class>advisor.AdvisorOperations</class>
  <method>add_Course</method>
  <thread>1</thread>
  <message>2018-11-24T16:51:31.662Response from Server: Success</message>
</record>
<record>
  <date>2018-11-24T16:51:34</date>
  <millis>1543096294056</millis>
  <sequence>6</sequence>
  <logger>User Id: INSEA1001</logger>
  <level>INFO</level>
  <class>client.Client</class>
  <method>main</method>
  <thread>1</thread>
  <message>2018-11-24T16:51:34.056 Operation: List Course Availability
</message>
</record>
<record>
  <date>2018-11-24T16:51:34</date>
  <millis>1543096294098</millis>
  <sequence>7</sequence>
  <logger>User Id: INSEA1001</logger>
  <level>INFO</level>
  <class>advisor.AdvisorOperations</class>
  <method>listCourseAvailability</method>
  <thread>1</thread>
  <message>2018-11-24T16:51:34.098Response from Server: </message>
</record>
</log>
<?xml version="1.0" encoding="windows-1252" standalone="no"?>
<!DOCTYPE log SYSTEM "logger.dtd">
<log>
<record>
  <date>2018-11-24T17:07:40</date>
  <millis>1543097260417</millis>
  <sequence>0</sequence>
  <logger>User Id: INSEA1001</logger>
  <level>INFO</level>
  <class>client.Client</class>
  <method>main</method>
  <thread>1</thread>
  <message>2018-11-24T17:07:40.412 Operation: Add Course
</message>
</record>
<record>
  <date>2018-11-24T17:07:47</date>
  <millis>1543097267262</millis>
  <sequence>1</sequence>
  <logger>User Id: INSEA1001</logger>
  <level>INFO</level>
  <class>advisor.AdvisorOperations</class>
  <method>add_Course</method>
  <thread>1</thread>
  <message>2018-11-24T17:07:47.262Response from Server: Success</message>
</record>
<record>
  <date>2018-11-24T17:07:49</date>
  <millis>1543097269144</millis>
  <sequence>2</sequence>
  <logger>User Id: INSEA1001</logger>
  <level>INFO</level>
  <class>client.Client</class>
  <method>main</method>
  <thread>1</thread>
  <message>2018-11-24T17:07:49.144 Operation: Add Course
</message>
</record>
<record>
  <date>2018-11-24T17:07:52</date>
  <millis>1543097272545</millis>
  <sequence>3</sequence>
  <logger>User Id: INSEA1001</logger>
  <level>INFO</level>
  <class>advisor.AdvisorOperations</class>
  <method>add_Course</method>
  <thread>1</thread>
  <message>2018-11-24T17:07:52.545Response from Server: Success</message>
</record>
<record>
  <date>2018-11-24T17:07:54</date>
  <millis>1543097274847</millis>
  <sequence>4</sequence>
  <logger>User Id: INSEA1001</logger>
  <level>INFO</level>
  <class>client.Client</class>
  <method>main</method>
  <thread>1</thread>
  <message>2018-11-24T17:07:54.847 Operation: Add Course
</message>
</record>
<record>
  <date>2018-11-24T17:07:58</date>
  <millis>1543097278121</millis>
  <sequence>5</sequence>
  <logger>User Id: INSEA1001</logger>
  <level>INFO</level>
  <class>advisor.AdvisorOperations</class>
  <method>add_Course</method>
  <thread>1</thread>
  <message>2018-11-24T17:07:58.121Response from Server: Success</message>
</record>
</log>
<?xml version="1.0" encoding="windows-1252" standalone="no"?>
<!DOCTYPE log SYSTEM "logger.dtd">
<log>
<record>
  <date>2018-11-24T17:17:35</date>
  <millis>1543097855076</millis>
  <sequence>0</sequence>
  <logger>User Id: INSEA1001</logger>
  <level>INFO</level>
  <class>client.Client</class>
  <method>main</method>
  <thread>1</thread>
  <message>2018-11-24T17:17:35.068 Operation: Add Course
</message>
</record>
<record>
  <date>2018-11-24T17:17:41</date>
  <millis>1543097861214</millis>
  <sequence>1</sequence>
  <logger>User Id: INSEA1001</logger>
  <level>INFO</level>
  <class>advisor.AdvisorOperations</class>
  <method>add_Course</method>
  <thread>1</thread>
  <message>2018-11-24T17:17:41.214Response from Server: Success</message>
</record>
<record>
  <date>2018-11-24T17:17:42</date>
  <millis>1543097862624</millis>
  <sequence>2</sequence>
  <logger>User Id: INSEA1001</logger>
  <level>INFO</level>
  <class>client.Client</class>
  <method>main</method>
  <thread>1</thread>
  <message>2018-11-24T17:17:42.624 Operation: Add Course
</message>
</record>
<record>
  <date>2018-11-24T17:17:46</date>
  <millis>1543097866297</millis>
  <sequence>3</sequence>
  <logger>User Id: INSEA1001</logger>
  <level>INFO</level>
  <class>advisor.AdvisorOperations</class>
  <method>add_Course</method>
  <thread>1</thread>
  <message>2018-11-24T17:17:46.297Response from Server: Success</message>
</record>
<record>
  <date>2018-11-24T17:17:48</date>
  <millis>1543097868272</millis>
  <sequence>4</sequence>
  <logger>User Id: INSEA1001</logger>
  <level>INFO</level>
  <class>client.Client</class>
  <method>main</method>
  <thread>1</thread>
  <message>2018-11-24T17:17:48.272 Operation: Add Course
</message>
</record>
<record>
  <date>2018-11-24T17:17:51</date>
  <millis>1543097871744</millis>
  <sequence>5</sequence>
  <logger>User Id: INSEA1001</logger>
  <level>INFO</level>
  <class>advisor.AdvisorOperations</class>
  <method>add_Course</method>
  <thread>1</thread>
  <message>2018-11-24T17:17:51.744Response from Server: Success</message>
</record>
<record>
  <date>2018-11-24T17:17:53</date>
  <millis>1543097873743</millis>
  <sequence>6</sequence>
  <logger>User Id: INSEA1001</logger>
  <level>INFO</level>
  <class>client.Client</class>
  <method>main</method>
  <thread>1</thread>
  <message>2018-11-24T17:17:53.743 Operation: List Course Availability
</message>
</record>
<record>
  <date>2018-11-24T17:17:53</date>
  <millis>1543097873757</millis>
  <sequence>7</sequence>
  <logger>User Id: INSEA1001</logger>
  <level>INFO</level>
  <class>advisor.AdvisorOperations</class>
  <method>listCourseAvailability</method>
  <thread>1</thread>
  <message>2018-11-24T17:17:53.757Response from Server: </message>
</record>
</log>
<?xml version="1.0" encoding="windows-1252" standalone="no"?>
<!DOCTYPE log SYSTEM "logger.dtd">
<log>
<record>
  <date>2018-11-24T17:45:25</date>
  <millis>1543099525141</millis>
  <sequence>0</sequence>
  <logger>User Id: INSEA1001</logger>
  <level>INFO</level>
  <class>client.Client</class>
  <method>main</method>
  <thread>1</thread>
  <message>2018-11-24T17:45:25.135 Operation: Add Course
</message>
</record>
<record>
  <date>2018-11-24T17:45:29</date>
  <millis>1543099529088</millis>
  <sequence>1</sequence>
  <logger>User Id: INSEA1001</logger>
  <level>INFO</level>
  <class>advisor.AdvisorOperations</class>
  <method>add_Course</method>
  <thread>1</thread>
  <message>2018-11-24T17:45:29.088Response from Server: Success</message>
</record>
<record>
  <date>2018-11-24T17:45:31</date>
  <millis>1543099531257</millis>
  <sequence>2</sequence>
  <logger>User Id: INSEA1001</logger>
  <level>INFO</level>
  <class>client.Client</class>
  <method>main</method>
  <thread>1</thread>
  <message>2018-11-24T17:45:31.257 Operation: Add Course
</message>
</record>
<record>
  <date>2018-11-24T17:45:37</date>
  <millis>1543099537958</millis>
  <sequence>3</sequence>
  <logger>User Id: INSEA1001</logger>
  <level>INFO</level>
  <class>advisor.AdvisorOperations</class>
  <method>add_Course</method>
  <thread>1</thread>
  <message>2018-11-24T17:45:37.958Response from Server: Success</message>
</record>
<record>
  <date>2018-11-24T17:45:40</date>
  <millis>1543099540037</millis>
  <sequence>4</sequence>
  <logger>User Id: INSEA1001</logger>
  <level>INFO</level>
  <class>client.Client</class>
  <method>main</method>
  <thread>1</thread>
  <message>2018-11-24T17:45:40.037 Operation: Add Course
</message>
</record>
<record>
  <date>2018-11-24T17:45:43</date>
  <millis>1543099543706</millis>
  <sequence>5</sequence>
  <logger>User Id: INSEA1001</logger>
  <level>INFO</level>
  <class>advisor.AdvisorOperations</class>
  <method>add_Course</method>
  <thread>1</thread>
  <message>2018-11-24T17:45:43.706Response from Server: Success</message>
</record>
<record>
  <date>2018-11-24T17:45:45</date>
  <millis>1543099545352</millis>
  <sequence>6</sequence>
  <logger>User Id: INSEA1001</logger>
  <level>INFO</level>
  <class>client.Client</class>
  <method>main</method>
  <thread>1</thread>
  <message>2018-11-24T17:45:45.352 Operation: List Course Availability
</message>
</record>
<record>
  <date>2018-11-24T17:45:45</date>
  <millis>1543099545372</millis>
  <sequence>7</sequence>
  <logger>User Id: INSEA1001</logger>
  <level>INFO</level>
  <class>advisor.AdvisorOperations</class>
  <method>listCourseAvailability</method>
  <thread>1</thread>
  <message>2018-11-24T17:45:45.372Response from Server: </message>
</record>
</log>
<?xml version="1.0" encoding="windows-1252" standalone="no"?>
<!DOCTYPE log SYSTEM "logger.dtd">
<log>
<record>
  <date>2018-11-24T18:47:34</date>
  <millis>1543103254647</millis>
  <sequence>0</sequence>
  <logger>User Id: INSEA1001</logger>
  <level>INFO</level>
  <class>client.Client</class>
  <method>main</method>
  <thread>1</thread>
  <message>2018-11-24T18:47:34.639 Operation: Add Course
</message>
</record>
<record>
  <date>2018-11-24T18:47:39</date>
  <millis>1543103259377</millis>
  <sequence>1</sequence>
  <logger>User Id: INSEA1001</logger>
  <level>INFO</level>
  <class>advisor.AdvisorOperations</class>
  <method>add_Course</method>
  <thread>1</thread>
  <message>2018-11-24T18:47:39.377Response from Server: Success</message>
</record>
<record>
  <date>2018-11-24T18:47:40</date>
  <millis>1543103260625</millis>
  <sequence>2</sequence>
  <logger>User Id: INSEA1001</logger>
  <level>INFO</level>
  <class>client.Client</class>
  <method>main</method>
  <thread>1</thread>
  <message>2018-11-24T18:47:40.625 Operation: Add Course
</message>
</record>
<record>
  <date>2018-11-24T18:47:43</date>
  <millis>1543103263800</millis>
  <sequence>3</sequence>
  <logger>User Id: INSEA1001</logger>
  <level>INFO</level>
  <class>advisor.AdvisorOperations</class>
  <method>add_Course</method>
  <thread>1</thread>
  <message>2018-11-24T18:47:43.800Response from Server: Success</message>
</record>
<record>
  <date>2018-11-24T18:47:45</date>
  <millis>1543103265830</millis>
  <sequence>4</sequence>
  <logger>User Id: INSEA1001</logger>
  <level>INFO</level>
  <class>client.Client</class>
  <method>main</method>
  <thread>1</thread>
  <message>2018-11-24T18:47:45.830 Operation: Add Course
</message>
</record>
<record>
  <date>2018-11-24T18:47:51</date>
  <millis>1543103271040</millis>
  <sequence>5</sequence>
  <logger>User Id: INSEA1001</logger>
  <level>INFO</level>
  <class>advisor.AdvisorOperations</class>
  <method>add_Course</method>
  <thread>1</thread>
  <message>2018-11-24T18:47:51.040Response from Server: Success</message>
</record>
<record>
  <date>2018-11-24T18:47:52</date>
  <millis>1543103272592</millis>
  <sequence>6</sequence>
  <logger>User Id: INSEA1001</logger>
  <level>INFO</level>
  <class>client.Client</class>
  <method>main</method>
  <thread>1</thread>
  <message>2018-11-24T18:47:52.592 Operation: List Course Availability
</message>
</record>
<record>
  <date>2018-11-24T18:47:52</date>
  <millis>1543103272846</millis>
  <sequence>7</sequence>
  <logger>User Id: INSEA1001</logger>
  <level>INFO</level>
  <class>advisor.AdvisorOperations</class>
  <method>listCourseAvailability</method>
  <thread>1</thread>
  <message>2018-11-24T18:47:52.846Response from Server: </message>
</record>
</log>
<?xml version="1.0" encoding="windows-1252" standalone="no"?>
<!DOCTYPE log SYSTEM "logger.dtd">
<log>
<record>
  <date>2018-11-24T19:05:14</date>
  <millis>1543104314217</millis>
  <sequence>0</sequence>
  <logger>User Id: INSEA1001</logger>
  <level>INFO</level>
  <class>client.Client</class>
  <method>main</method>
  <thread>1</thread>
  <message>2018-11-24T19:05:14.210 Operation: Add Course
</message>
</record>
<record>
  <date>2018-11-24T19:05:24</date>
  <millis>1543104324933</millis>
  <sequence>1</sequence>
  <logger>User Id: INSEA1001</logger>
  <level>INFO</level>
  <class>client.Client</class>
  <method>main</method>
  <thread>1</thread>
  <message>2018-11-24T19:05:24.933 Operation: Add Course
</message>
</record>
<record>
  <date>2018-11-24T19:05:27</date>
  <millis>1543104327263</millis>
  <sequence>2</sequence>
  <logger>User Id: INSEA1001</logger>
  <level>INFO</level>
  <class>advisor.AdvisorOperations</class>
  <method>add_Course</method>
  <thread>1</thread>
  <message>2018-11-24T19:05:27.263Response from Server: Success</message>
</record>
<record>
  <date>2018-11-24T19:05:30</date>
  <millis>1543104330337</millis>
  <sequence>3</sequence>
  <logger>User Id: INSEA1001</logger>
  <level>INFO</level>
  <class>client.Client</class>
  <method>main</method>
  <thread>1</thread>
  <message>2018-11-24T19:05:30.337 Operation: List Course Availability
</message>
</record>
<record>
  <date>2018-11-24T19:05:30</date>
  <millis>1543104330376</millis>
  <sequence>4</sequence>
  <logger>User Id: INSEA1001</logger>
  <level>INFO</level>
  <class>advisor.AdvisorOperations</class>
  <method>listCourseAvailability</method>
  <thread>1</thread>
  <message>2018-11-24T19:05:30.376Response from Server: </message>
</record>
<record>
  <date>2018-11-24T19:05:38</date>
  <millis>1543104338378</millis>
  <sequence>5</sequence>
  <logger>User Id: INSEA1001</logger>
  <level>INFO</level>
  <class>client.Client</class>
  <method>main</method>
  <thread>1</thread>
  <message>2018-11-24T19:05:38.378 Operation: Add Course
</message>
</record>
<record>
  <date>2018-11-24T19:05:41</date>
  <millis>1543104341474</millis>
  <sequence>6</sequence>
  <logger>User Id: INSEA1001</logger>
  <level>INFO</level>
  <class>advisor.AdvisorOperations</class>
  <method>add_Course</method>
  <thread>1</thread>
  <message>2018-11-24T19:05:41.474Response from Server: Success</message>
</record>
<record>
  <date>2018-11-24T19:05:43</date>
  <millis>1543104343666</millis>
  <sequence>7</sequence>
  <logger>User Id: INSEA1001</logger>
  <level>INFO</level>
  <class>client.Client</class>
  <method>main</method>
  <thread>1</thread>
  <message>2018-11-24T19:05:43.666 Operation: List Course Availability
</message>
</record>
<record>
  <date>2018-11-24T19:05:43</date>
  <millis>1543104343683</millis>
  <sequence>8</sequence>
  <logger>User Id: INSEA1001</logger>
  <level>INFO</level>
  <class>advisor.AdvisorOperations</class>
  <method>listCourseAvailability</method>
  <thread>1</thread>
  <message>2018-11-24T19:05:43.683Response from Server: </message>
</record>
</log>
<?xml version="1.0" encoding="windows-1252" standalone="no"?>
<!DOCTYPE log SYSTEM "logger.dtd">
<log>
<record>
  <date>2018-11-24T19:13:36</date>
  <millis>1543104816186</millis>
  <sequence>0</sequence>
  <logger>User Id: INSEA1001</logger>
  <level>INFO</level>
  <class>client.Client</class>
  <method>main</method>
  <thread>1</thread>
  <message>2018-11-24T19:13:36.179 Operation: Add Course
</message>
</record>
<record>
  <date>2018-11-24T19:13:40</date>
  <millis>1543104820075</millis>
  <sequence>1</sequence>
  <logger>User Id: INSEA1001</logger>
  <level>INFO</level>
  <class>advisor.AdvisorOperations</class>
  <method>add_Course</method>
  <thread>1</thread>
  <message>2018-11-24T19:13:40.075Response from Server: Success</message>
</record>
<record>
  <date>2018-11-24T19:13:43</date>
  <millis>1543104823202</millis>
  <sequence>2</sequence>
  <logger>User Id: INSEA1001</logger>
  <level>INFO</level>
  <class>client.Client</class>
  <method>main</method>
  <thread>1</thread>
  <message>2018-11-24T19:13:43.202 Operation: List Course Availability
</message>
</record>
<record>
  <date>2018-11-24T19:13:43</date>
  <millis>1543104823240</millis>
  <sequence>3</sequence>
  <logger>User Id: INSEA1001</logger>
  <level>INFO</level>
  <class>advisor.AdvisorOperations</class>
  <method>listCourseAvailability</method>
  <thread>1</thread>
  <message>2018-11-24T19:13:43.240Response from Server: </message>
</record>
</log>
<?xml version="1.0" encoding="windows-1252" standalone="no"?>
<!DOCTYPE log SYSTEM "logger.dtd">
<log>
<record>
  <date>2018-11-24T19:14:05</date>
  <millis>1543104845094</millis>
  <sequence>0</sequence>
  <logger>User Id: INSEA1001</logger>
  <level>INFO</level>
  <class>client.Client</class>
  <method>main</method>
  <thread>1</thread>
  <message>2018-11-24T19:14:05.086 Operation: Add Course
</message>
</record>
</log>
<?xml version="1.0" encoding="windows-1252" standalone="no"?>
<!DOCTYPE log SYSTEM "logger.dtd">
<log>
<record>
  <date>2018-11-24T19:20:19</date>
  <millis>1543105219484</millis>
  <sequence>0</sequence>
  <logger>User Id: INSEA1001</logger>
  <level>INFO</level>
  <class>client.Client</class>
  <method>main</method>
  <thread>1</thread>
  <message>2018-11-24T19:20:19.477 Operation: Add Course
</message>
</record>
<record>
  <date>2018-11-24T19:20:23</date>
  <millis>1543105223590</millis>
  <sequence>1</sequence>
  <logger>User Id: INSEA1001</logger>
  <level>INFO</level>
  <class>advisor.AdvisorOperations</class>
  <method>add_Course</method>
  <thread>1</thread>
  <message>2018-11-24T19:20:23.590Response from Server: Success</message>
</record>
<record>
  <date>2018-11-24T19:20:25</date>
  <millis>1543105225350</millis>
  <sequence>2</sequence>
  <logger>User Id: INSEA1001</logger>
  <level>INFO</level>
  <class>client.Client</class>
  <method>main</method>
  <thread>1</thread>
  <message>2018-11-24T19:20:25.350 Operation: List Course Availability
</message>
</record>
<record>
  <date>2018-11-24T19:20:25</date>
  <millis>1543105225388</millis>
  <sequence>3</sequence>
  <logger>User Id: INSEA1001</logger>
  <level>INFO</level>
  <class>advisor.AdvisorOperations</class>
  <method>listCourseAvailability</method>
  <thread>1</thread>
  <message>2018-11-24T19:20:25.388Response from Server: </message>
</record>
</log>
<?xml version="1.0" encoding="windows-1252" standalone="no"?>
<!DOCTYPE log SYSTEM "logger.dtd">
<log>
<record>
  <date>2018-11-24T19:28:31</date>
  <millis>1543105711607</millis>
  <sequence>0</sequence>
  <logger>User Id: INSEA1001</logger>
  <level>INFO</level>
  <class>client.Client</class>
  <method>main</method>
  <thread>1</thread>
  <message>2018-11-24T19:28:31.600 Operation: Add Course
</message>
</record>
<record>
  <date>2018-11-24T19:28:34</date>
  <millis>1543105714900</millis>
  <sequence>1</sequence>
  <logger>User Id: INSEA1001</logger>
  <level>INFO</level>
  <class>advisor.AdvisorOperations</class>
  <method>add_Course</method>
  <thread>1</thread>
  <message>2018-11-24T19:28:34.900Response from Server: Success</message>
</record>
<record>
  <date>2018-11-24T19:28:37</date>
  <millis>1543105717232</millis>
  <sequence>2</sequence>
  <logger>User Id: INSEA1001</logger>
  <level>INFO</level>
  <class>client.Client</class>
  <method>main</method>
  <thread>1</thread>
  <message>2018-11-24T19:28:37.232 Operation: List Course Availability
</message>
</record>
<record>
  <date>2018-11-24T19:28:37</date>
  <millis>1543105717272</millis>
  <sequence>3</sequence>
  <logger>User Id: INSEA1001</logger>
  <level>INFO</level>
  <class>advisor.AdvisorOperations</class>
  <method>listCourseAvailability</method>
  <thread>1</thread>
  <message>2018-11-24T19:28:37.272Response from Server: </message>
</record>
</log>
<?xml version="1.0" encoding="windows-1252" standalone="no"?>
<!DOCTYPE log SYSTEM "logger.dtd">
<log>
<record>
  <date>2018-11-24T19:52:16</date>
  <millis>1543107136140</millis>
  <sequence>0</sequence>
  <logger>User Id: INSEA1001</logger>
  <level>INFO</level>
  <class>client.Client</class>
  <method>main</method>
  <thread>1</thread>
  <message>2018-11-24T19:52:16.140 Operation: Add Course
</message>
</record>
<record>
  <date>2018-11-24T19:52:26</date>
  <millis>1543107146975</millis>
  <sequence>1</sequence>
  <logger>User Id: INSEA1001</logger>
  <level>INFO</level>
  <class>advisor.AdvisorOperations</class>
  <method>add_Course</method>
  <thread>1</thread>
  <message>2018-11-24T19:52:26.975Response from Server: Success</message>
</record>
<record>
  <date>2018-11-24T19:52:29</date>
  <millis>1543107149235</millis>
  <sequence>2</sequence>
  <logger>User Id: INSEA1001</logger>
  <level>INFO</level>
  <class>client.Client</class>
  <method>main</method>
  <thread>1</thread>
  <message>2018-11-24T19:52:29.235 Operation: List Course Availability
</message>
</record>
<record>
  <date>2018-11-24T19:52:29</date>
  <millis>1543107149267</millis>
  <sequence>3</sequence>
  <logger>User Id: INSEA1001</logger>
  <level>INFO</level>
  <class>advisor.AdvisorOperations</class>
  <method>listCourseAvailability</method>
  <thread>1</thread>
  <message>2018-11-24T19:52:29.267Response from Server: </message>
</record>
</log>
<?xml version="1.0" encoding="windows-1252" standalone="no"?>
<!DOCTYPE log SYSTEM "logger.dtd">
<log>
<record>
  <date>2018-11-24T20:23:06</date>
  <millis>1543108986456</millis>
  <sequence>0</sequence>
  <logger>User Id: INSEA1001</logger>
  <level>INFO</level>
  <class>client.Client</class>
  <method>main</method>
  <thread>1</thread>
  <message>2018-11-24T20:23:06.449 Operation: Add Course
</message>
</record>
<record>
  <date>2018-11-24T20:23:08</date>
  <millis>1543108988577</millis>
  <sequence>1</sequence>
  <logger>User Id: INSEA1001</logger>
  <level>INFO</level>
  <class>client.Client</class>
  <method>main</method>
  <thread>1</thread>
  <message>2018-11-24T20:23:08.577 Operation: Add Course
</message>
</record>
<record>
  <date>2018-11-24T20:23:12</date>
  <millis>1543108992192</millis>
  <sequence>2</sequence>
  <logger>User Id: INSEA1001</logger>
  <level>INFO</level>
  <class>advisor.AdvisorOperations</class>
  <method>add_Course</method>
  <thread>1</thread>
  <message>2018-11-24T20:23:12.192Response from Server: Success</message>
</record>
</log>
<?xml version="1.0" encoding="windows-1252" standalone="no"?>
<!DOCTYPE log SYSTEM "logger.dtd">
<log>
<record>
  <date>2018-11-24T20:41:49</date>
  <millis>1543110109988</millis>
  <sequence>0</sequence>
  <logger>User Id: INSEA1001</logger>
  <level>INFO</level>
  <class>client.Client</class>
  <method>main</method>
  <thread>1</thread>
  <message>2018-11-24T20:41:49.972 Operation: Add Course
</message>
</record>
<record>
  <date>2018-11-24T20:41:53</date>
  <millis>1543110113700</millis>
  <sequence>1</sequence>
  <logger>User Id: INSEA1001</logger>
  <level>INFO</level>
  <class>advisor.AdvisorOperations</class>
  <method>add_Course</method>
  <thread>1</thread>
  <message>2018-11-24T20:41:53.700Response from Server: Success</message>
</record>
<record>
  <date>2018-11-24T20:41:56</date>
  <millis>1543110116166</millis>
  <sequence>2</sequence>
  <logger>User Id: INSEA1001</logger>
  <level>INFO</level>
  <class>client.Client</class>
  <method>main</method>
  <thread>1</thread>
  <message>2018-11-24T20:41:56.166 Operation: List Course Availability
</message>
</record>
<record>
  <date>2018-11-24T20:41:56</date>
  <millis>1543110116197</millis>
  <sequence>3</sequence>
  <logger>User Id: INSEA1001</logger>
  <level>INFO</level>
  <class>advisor.AdvisorOperations</class>
  <method>listCourseAvailability</method>
  <thread>1</thread>
  <message>2018-11-24T20:41:56.197Response from Server: </message>
</record>
</log>
<?xml version="1.0" encoding="windows-1252" standalone="no"?>
<!DOCTYPE log SYSTEM "logger.dtd">
<log>
<record>
  <date>2018-11-25T20:36:28</date>
  <millis>1543196188765</millis>
  <sequence>0</sequence>
  <logger>User Id: INSEA1001</logger>
  <level>INFO</level>
  <class>client.Client</class>
  <method>main</method>
  <thread>1</thread>
  <message>2018-11-25T20:36:28.750 Operation: Add Course
</message>
</record>
<record>
  <date>2018-11-25T20:36:33</date>
  <millis>1543196193190</millis>
  <sequence>1</sequence>
  <logger>User Id: INSEA1001</logger>
  <level>INFO</level>
  <class>advisor.AdvisorOperations</class>
  <method>add_Course</method>
  <thread>1</thread>
  <message>2018-11-25T20:36:33.190Response from Server: Success</message>
</record>
<record>
  <date>2018-11-25T20:36:34</date>
  <millis>1543196194472</millis>
  <sequence>2</sequence>
  <logger>User Id: INSEA1001</logger>
  <level>INFO</level>
  <class>client.Client</class>
  <method>main</method>
  <thread>1</thread>
  <message>2018-11-25T20:36:34.472 Operation: Add Course
</message>
</record>
<record>
  <date>2018-11-25T20:36:37</date>
  <millis>1543196197252</millis>
  <sequence>3</sequence>
  <logger>User Id: INSEA1001</logger>
  <level>INFO</level>
  <class>advisor.AdvisorOperations</class>
  <method>add_Course</method>
  <thread>1</thread>
  <message>2018-11-25T20:36:37.252Response from Server: Success</message>
</record>
<record>
  <date>2018-11-25T20:36:38</date>
  <millis>1543196198381</millis>
  <sequence>4</sequence>
  <logger>User Id: INSEA1001</logger>
  <level>INFO</level>
  <class>client.Client</class>
  <method>main</method>
  <thread>1</thread>
  <message>2018-11-25T20:36:38.381 Operation: Add Course
</message>
</record>
<record>
  <date>2018-11-25T20:36:42</date>
  <millis>1543196202366</millis>
  <sequence>5</sequence>
  <logger>User Id: INSEA1001</logger>
  <level>INFO</level>
  <class>advisor.AdvisorOperations</class>
  <method>add_Course</method>
  <thread>1</thread>
  <message>2018-11-25T20:36:42.366Response from Server: Success</message>
</record>
</log>
<?xml version="1.0" encoding="windows-1252" standalone="no"?>
<!DOCTYPE log SYSTEM "logger.dtd">
<log>
<record>
  <date>2018-11-25T20:41:42</date>
  <millis>1543196502812</millis>
  <sequence>0</sequence>
  <logger>User Id: INSEA1001</logger>
  <level>INFO</level>
  <class>client.Client</class>
  <method>main</method>
  <thread>1</thread>
  <message>2018-11-25T20:41:42.812 Operation: Remove Course
</message>
</record>
<record>
  <date>2018-11-25T20:41:44</date>
  <millis>1543196504454</millis>
  <sequence>1</sequence>
  <logger>User Id: INSEA1001</logger>
  <level>INFO</level>
  <class>advisor.AdvisorOperations</class>
  <method>remove_Course</method>
  <thread>1</thread>
  <message>2018-11-25T20:41:44.454Response from Server: Course Removed!</message>
</record>
<record>
  <date>2018-11-25T20:41:46</date>
  <millis>1543196506880</millis>
  <sequence>2</sequence>
  <logger>User Id: INSEA1001</logger>
  <level>INFO</level>
  <class>client.Client</class>
  <method>main</method>
  <thread>1</thread>
  <message>2018-11-25T20:41:46.880 Operation: List Course Availability
</message>
</record>
<record>
  <date>2018-11-25T20:41:46</date>
  <millis>1543196506880</millis>
  <sequence>3</sequence>
  <logger>User Id: INSEA1001</logger>
  <level>INFO</level>
  <class>advisor.AdvisorOperations</class>
  <method>listCourseAvailability</method>
  <thread>1</thread>
  <message>2018-11-25T20:41:46.880Response from Server: </message>
</record>
</log>
<?xml version="1.0" encoding="windows-1252" standalone="no"?>
<!DOCTYPE log SYSTEM "logger.dtd">
<log>
<record>
  <date>2018-11-25T20:56:10</date>
  <millis>1543197370062</millis>
  <sequence>0</sequence>
  <logger>User Id: INSEA1001</logger>
  <level>INFO</level>
  <class>client.Client</class>
  <method>main</method>
  <thread>1</thread>
  <message>2018-11-25T20:56:10.046 Operation: Add Course
</message>
</record>
<record>
  <date>2018-11-25T20:56:14</date>
  <millis>1543197374024</millis>
  <sequence>1</sequence>
  <logger>User Id: INSEA1001</logger>
  <level>INFO</level>
  <class>advisor.AdvisorOperations</class>
  <method>add_Course</method>
  <thread>1</thread>
  <message>2018-11-25T20:56:14.024Response from Server: Success</message>
</record>
</log>
<?xml version="1.0" encoding="windows-1252" standalone="no"?>
<!DOCTYPE log SYSTEM "logger.dtd">
<log>
<record>
  <date>2018-11-25T20:57:42</date>
  <millis>1543197462773</millis>
  <sequence>0</sequence>
  <logger>User Id: INSEA1001</logger>
  <level>INFO</level>
  <class>client.Client</class>
  <method>main</method>
  <thread>1</thread>
  <message>2018-11-25T20:57:42.757 Operation: Add Course
</message>
</record>
<record>
  <date>2018-11-25T20:57:57</date>
  <millis>1543197477889</millis>
  <sequence>1</sequence>
  <logger>User Id: INSEA1001</logger>
  <level>INFO</level>
  <class>advisor.AdvisorOperations</class>
  <method>add_Course</method>
  <thread>1</thread>
  <message>2018-11-25T20:57:57.889Response from Server: Success</message>
</record>
<record>
  <date>2018-11-25T20:57:59</date>
  <millis>1543197479373</millis>
  <sequence>2</sequence>
  <logger>User Id: INSEA1001</logger>
  <level>INFO</level>
  <class>client.Client</class>
  <method>main</method>
  <thread>1</thread>
  <message>2018-11-25T20:57:59.373 Operation: Add Course
</message>
</record>
<record>
  <date>2018-11-25T20:58:01</date>
  <millis>1543197481702</millis>
  <sequence>3</sequence>
  <logger>User Id: INSEA1001</logger>
  <level>INFO</level>
  <class>advisor.AdvisorOperations</class>
  <method>add_Course</method>
  <thread>1</thread>
  <message>2018-11-25T20:58:01.702Response from Server: Success</message>
</record>
<record>
  <date>2018-11-25T20:58:03</date>
  <millis>1543197483526</millis>
  <sequence>4</sequence>
  <logger>User Id: INSEA1001</logger>
  <level>INFO</level>
  <class>client.Client</class>
  <method>main</method>
  <thread>1</thread>
  <message>2018-11-25T20:58:03.526 Operation: Add Course
</message>
</record>
<record>
  <date>2018-11-25T20:58:07</date>
  <millis>1543197487281</millis>
  <sequence>5</sequence>
  <logger>User Id: INSEA1001</logger>
  <level>INFO</level>
  <class>advisor.AdvisorOperations</class>
  <method>add_Course</method>
  <thread>1</thread>
  <message>2018-11-25T20:58:07.281Response from Server: Success</message>
</record>
</log>
<?xml version="1.0" encoding="windows-1252" standalone="no"?>
<!DOCTYPE log SYSTEM "logger.dtd">
<log>
<record>
  <date>2018-11-25T20:59:11</date>
  <millis>1543197551714</millis>
  <sequence>0</sequence>
  <logger>User Id: INSEA1001</logger>
  <level>INFO</level>
  <class>client.Client</class>
  <method>main</method>
  <thread>1</thread>
  <message>2018-11-25T20:59:11.714 Operation: Remove Course
</message>
</record>
<record>
  <date>2018-11-25T20:59:18</date>
  <millis>1543197558921</millis>
  <sequence>1</sequence>
  <logger>User Id: INSEA1001</logger>
  <level>INFO</level>
  <class>advisor.AdvisorOperations</class>
  <method>remove_Course</method>
  <thread>1</thread>
  <message>2018-11-25T20:59:18.921Response from Server: Course Removed!</message>
</record>
<record>
  <date>2018-11-25T20:59:20</date>
  <millis>1543197560609</millis>
  <sequence>2</sequence>
  <logger>User Id: INSEA1001</logger>
  <level>INFO</level>
  <class>client.Client</class>
  <method>main</method>
  <thread>1</thread>
  <message>2018-11-25T20:59:20.609 Operation: List Course Availability
</message>
</record>
<record>
  <date>2018-11-25T20:59:20</date>
  <millis>1543197560625</millis>
  <sequence>3</sequence>
  <logger>User Id: INSEA1001</logger>
  <level>INFO</level>
  <class>advisor.AdvisorOperations</class>
  <method>listCourseAvailability</method>
  <thread>1</thread>
  <message>2018-11-25T20:59:20.625Response from Server: </message>
</record>
</log>
