<?xml version="1.0" encoding="windows-1252" standalone="no"?>
<!DOCTYPE log SYSTEM "logger.dtd">
<log>
<record>
  <date>2018-11-24T16:46:18</date>
  <millis>1543095978620</millis>
  <sequence>0</sequence>
  <logger>User Id: SOENS1001</logger>
  <level>INFO</level>
  <class>client.Client</class>
  <method>main</method>
  <thread>1</thread>
  <message>2018-11-24T16:46:18.612 Operation: Enroll Course</message>
</record>
<record>
  <date>2018-11-24T16:46:21</date>
  <millis>1543095981682</millis>
  <sequence>1</sequence>
  <logger>User Id: SOENS1001</logger>
  <level>INFO</level>
  <class>student.StudentOperations</class>
  <method>enrollCourse</method>
  <thread>1</thread>
  <message>2018-11-24T16:46:21.682 Response from Server: Successfully enrolled!</message>
</record>
</log>
<?xml version="1.0" encoding="windows-1252" standalone="no"?>
<!DOCTYPE log SYSTEM "logger.dtd">
<log>
<record>
  <date>2018-11-24T16:47:31</date>
  <millis>1543096051223</millis>
  <sequence>0</sequence>
  <logger>User Id: SOENS1001</logger>
  <level>INFO</level>
  <class>client.Client</class>
  <method>main</method>
  <thread>1</thread>
  <message>2018-11-24T16:47:31.219 Operation: Get Class Schedule</message>
</record>
<record>
  <date>2018-11-24T16:47:31</date>
  <millis>1543096051234</millis>
  <sequence>1</sequence>
  <logger>User Id: SOENS1001</logger>
  <level>INFO</level>
  <class>student.StudentOperations</class>
  <method>getClassSchedule</method>
  <thread>1</thread>
  <message>2018-11-24T16:47:31.234Response from Server: </message>
</record>
<record>
  <date>2018-11-24T16:47:35</date>
  <millis>1543096055823</millis>
  <sequence>2</sequence>
  <logger>User Id: SOENS1001</logger>
  <level>INFO</level>
  <class>client.Client</class>
  <method>main</method>
  <thread>1</thread>
  <message>2018-11-24T16:47:35.823 Operation: Enroll Course</message>
</record>
<record>
  <date>2018-11-24T16:47:38</date>
  <millis>1543096058738</millis>
  <sequence>3</sequence>
  <logger>User Id: SOENS1001</logger>
  <level>INFO</level>
  <class>student.StudentOperations</class>
  <method>enrollCourse</method>
  <thread>1</thread>
  <message>2018-11-24T16:47:38.738 Response from Server: Successfully enrolled!</message>
</record>
<record>
  <date>2018-11-24T16:47:41</date>
  <millis>1543096061317</millis>
  <sequence>4</sequence>
  <logger>User Id: SOENS1001</logger>
  <level>INFO</level>
  <class>client.Client</class>
  <method>main</method>
  <thread>1</thread>
  <message>2018-11-24T16:47:41.317 Operation: Enroll Course</message>
</record>
<record>
  <date>2018-11-24T16:47:43</date>
  <millis>1543096063245</millis>
  <sequence>5</sequence>
  <logger>User Id: SOENS1001</logger>
  <level>INFO</level>
  <class>student.StudentOperations</class>
  <method>enrollCourse</method>
  <thread>1</thread>
  <message>2018-11-24T16:47:43.245 Response from Server: You cannot enroll for more than 2 courses from other Department!</message>
</record>
<record>
  <date>2018-11-24T16:47:50</date>
  <millis>1543096070970</millis>
  <sequence>6</sequence>
  <logger>User Id: SOENS1001</logger>
  <level>INFO</level>
  <class>client.Client</class>
  <method>main</method>
  <thread>1</thread>
  <message>2018-11-24T16:47:50.970 Operation: Enroll Course</message>
</record>
<record>
  <date>2018-11-24T16:47:54</date>
  <millis>1543096074793</millis>
  <sequence>7</sequence>
  <logger>User Id: SOENS1001</logger>
  <level>INFO</level>
  <class>student.StudentOperations</class>
  <method>enrollCourse</method>
  <thread>1</thread>
  <message>2018-11-24T16:47:54.793 Response from Server: Successfully enrolled!</message>
</record>
<record>
  <date>2018-11-24T16:47:57</date>
  <millis>1543096077077</millis>
  <sequence>8</sequence>
  <logger>User Id: SOENS1001</logger>
  <level>INFO</level>
  <class>client.Client</class>
  <method>main</method>
  <thread>1</thread>
  <message>2018-11-24T16:47:57.077 Operation: Get Class Schedule</message>
</record>
<record>
  <date>2018-11-24T16:47:57</date>
  <millis>1543096077081</millis>
  <sequence>9</sequence>
  <logger>User Id: SOENS1001</logger>
  <level>INFO</level>
  <class>student.StudentOperations</class>
  <method>getClassSchedule</method>
  <thread>1</thread>
  <message>2018-11-24T16:47:57.081Response from Server: </message>
</record>
<record>
  <date>2018-11-24T16:48:01</date>
  <millis>1543096081265</millis>
  <sequence>10</sequence>
  <logger>User Id: SOENS1001</logger>
  <level>INFO</level>
  <class>client.Client</class>
  <method>main</method>
  <thread>1</thread>
  <message>2018-11-24T16:48:01.265 Operation: Enroll Course</message>
</record>
<record>
  <date>2018-11-24T16:48:05</date>
  <millis>1543096085003</millis>
  <sequence>11</sequence>
  <logger>User Id: SOENS1001</logger>
  <level>INFO</level>
  <class>student.StudentOperations</class>
  <method>enrollCourse</method>
  <thread>1</thread>
  <message>2018-11-24T16:48:05.003 Response from Server: You have already reached your limit for this term!</message>
</record>
<record>
  <date>2018-11-24T16:48:07</date>
  <millis>1543096087687</millis>
  <sequence>12</sequence>
  <logger>User Id: SOENS1001</logger>
  <level>INFO</level>
  <class>client.Client</class>
  <method>main</method>
  <thread>1</thread>
  <message>2018-11-24T16:48:07.687 Operation: Enroll Course</message>
</record>
<record>
  <date>2018-11-24T16:48:09</date>
  <millis>1543096089493</millis>
  <sequence>13</sequence>
  <logger>User Id: SOENS1001</logger>
  <level>INFO</level>
  <class>student.StudentOperations</class>
  <method>enrollCourse</method>
  <thread>1</thread>
  <message>2018-11-24T16:48:09.493 Response from Server: You have already reached your limit for this term!</message>
</record>
</log>
<?xml version="1.0" encoding="windows-1252" standalone="no"?>
<!DOCTYPE log SYSTEM "logger.dtd">
<log>
<record>
  <date>2018-11-24T16:48:48</date>
  <millis>1543096128236</millis>
  <sequence>0</sequence>
  <logger>User Id: SOENS1001</logger>
  <level>INFO</level>
  <class>client.Client</class>
  <method>main</method>
  <thread>1</thread>
  <message>2018-11-24T16:48:48.228 Operation: Get Class Schedule</message>
</record>
<record>
  <date>2018-11-24T16:48:48</date>
  <millis>1543096128248</millis>
  <sequence>1</sequence>
  <logger>User Id: SOENS1001</logger>
  <level>INFO</level>
  <class>student.StudentOperations</class>
  <method>getClassSchedule</method>
  <thread>1</thread>
  <message>2018-11-24T16:48:48.248Response from Server: </message>
</record>
</log>
<?xml version="1.0" encoding="windows-1252" standalone="no"?>
<!DOCTYPE log SYSTEM "logger.dtd">
<log>
<record>
  <date>2018-11-24T16:49:31</date>
  <millis>1543096171359</millis>
  <sequence>0</sequence>
  <logger>User Id: SOENS1001</logger>
  <level>INFO</level>
  <class>client.Client</class>
  <method>main</method>
  <thread>1</thread>
  <message>2018-11-24T16:49:31.355 Operation: Get Class Schedule</message>
</record>
<record>
  <date>2018-11-24T16:49:31</date>
  <millis>1543096171372</millis>
  <sequence>1</sequence>
  <logger>User Id: SOENS1001</logger>
  <level>INFO</level>
  <class>student.StudentOperations</class>
  <method>getClassSchedule</method>
  <thread>1</thread>
  <message>2018-11-24T16:49:31.372Response from Server: </message>
</record>
</log>
<?xml version="1.0" encoding="windows-1252" standalone="no"?>
<!DOCTYPE log SYSTEM "logger.dtd">
<log>
<record>
  <date>2018-11-24T17:10:04</date>
  <millis>1543097404634</millis>
  <sequence>0</sequence>
  <logger>User Id: SOENS1001</logger>
  <level>INFO</level>
  <class>client.Client</class>
  <method>main</method>
  <thread>1</thread>
  <message>2018-11-24T17:10:04.626 Operation: Enroll Course</message>
</record>
<record>
  <date>2018-11-24T17:10:06</date>
  <millis>1543097406913</millis>
  <sequence>1</sequence>
  <logger>User Id: SOENS1001</logger>
  <level>INFO</level>
  <class>student.StudentOperations</class>
  <method>enrollCourse</method>
  <thread>1</thread>
  <message>2018-11-24T17:10:06.913 Response from Server: Successfully enrolled!</message>
</record>
<record>
  <date>2018-11-24T17:10:10</date>
  <millis>1543097410745</millis>
  <sequence>2</sequence>
  <logger>User Id: SOENS1001</logger>
  <level>INFO</level>
  <class>client.Client</class>
  <method>main</method>
  <thread>1</thread>
  <message>2018-11-24T17:10:10.745 Operation: Get Class Schedule</message>
</record>
<record>
  <date>2018-11-24T17:10:10</date>
  <millis>1543097410753</millis>
  <sequence>3</sequence>
  <logger>User Id: SOENS1001</logger>
  <level>INFO</level>
  <class>student.StudentOperations</class>
  <method>getClassSchedule</method>
  <thread>1</thread>
  <message>2018-11-24T17:10:10.753Response from Server: </message>
</record>
<record>
  <date>2018-11-24T17:10:16</date>
  <millis>1543097416167</millis>
  <sequence>4</sequence>
  <logger>User Id: SOENS1001</logger>
  <level>INFO</level>
  <class>client.Client</class>
  <method>main</method>
  <thread>1</thread>
  <message>2018-11-24T17:10:16.163 Operation: Swap Course</message>
</record>
</log>
<?xml version="1.0" encoding="windows-1252" standalone="no"?>
<!DOCTYPE log SYSTEM "logger.dtd">
<log>
<record>
  <date>2018-11-24T17:10:42</date>
  <millis>1543097442511</millis>
  <sequence>0</sequence>
  <logger>User Id: SOENS1001</logger>
  <level>INFO</level>
  <class>client.Client</class>
  <method>main</method>
  <thread>1</thread>
  <message>2018-11-24T17:10:42.500 Operation: Get Class Schedule</message>
</record>
<record>
  <date>2018-11-24T17:10:42</date>
  <millis>1543097442521</millis>
  <sequence>1</sequence>
  <logger>User Id: SOENS1001</logger>
  <level>INFO</level>
  <class>student.StudentOperations</class>
  <method>getClassSchedule</method>
  <thread>1</thread>
  <message>2018-11-24T17:10:42.521Response from Server: </message>
</record>
<record>
  <date>2018-11-24T17:11:33</date>
  <millis>1543097493916</millis>
  <sequence>2</sequence>
  <logger>User Id: SOENS1001</logger>
  <level>INFO</level>
  <class>client.Client</class>
  <method>main</method>
  <thread>1</thread>
  <message>2018-11-24T17:11:33.916 Operation: Drop Course</message>
</record>
</log>
